Base path: 'C:/Program Files/Unity/Hub/Editor/2020.3.17f1/Editor/Data', plugins path 'C:/Program Files/Unity/Hub/Editor/2020.3.17f1/Editor/Data/PlaybackEngines'
Cmd: initializeCompiler

Cmd: compileSnippet
  insize=1647 file=Assets/DefaultResourcesExtra/Standard pass=FORWARD cachingPP=1 ppOnly=0 stripLineD=0 buildPlatform=19 rsLen=0 pKW=UNITY_ENABLE_REFLECTION_BUFFERS UNITY_USE_DITHER_MASK_FOR_ALPHABLENDED_SHADOWS UNITY_PBS_USE_BRDF1 UNITY_SPECCUBE_BOX_PROJECTION UNITY_SPECCUBE_BLENDING UNITY_ENABLE_DETAIL_NORMALMAP SHADER_API_DESKTOP UNITY_COLORSPACE_GAMMA UNITY_LIGHT_PROBE_PROXY_VOLUME UNITY_LIGHTMAP_FULL_HDR UNITY_PASS_FORWARDBASE uKW=DIRECTIONAL LIGHTPROBE_SH FOG_EXP _ALPHATEST_ON dKW=_EMISSION FOG_LINEAR FOG_EXP2 INSTANCING_ON _NORMALMAP _ALPHABLEND_ON _ALPHAPREMULTIPLY_ON _METALLICGLOSSMAP _DETAIL_MULX2 _SMOOTHNESS_TEXTURE_ALBEDO_CHANNEL_A _SPECULARHIGHLIGHTS_OFF _GLOSSYREFLECTIONS_OFF _PARALLAXMAP SHADOWS_SHADOWMASK DYNAMICLIGHTMAP_ON LIGHTMAP_ON LIGHTMAP_SHADOW_MIXING DIRLIGHTMAP_COMBINED SHADOWS_SCREEN UNITY_NO_DXT5nm UNITY_ENABLE_NATIVE_SHADOW_LOOKUPS UNITY_METAL_SHADOWS_USE_POINT_FILTERING UNITY_NO_SCREENSPACE_SHADOWS UNITY_PBS_USE_BRDF2 UNITY_PBS_USE_BRDF3 UNITY_NO_FULL_STANDARD_SHADER UNITY_HARDWARE_TIER1 UNITY_HARDWARE_TIER2 UNITY_HARDWARE_TIER3 UNITY_HALF_PRECISION_FRAGMENT_SHADER_REGISTERS UNITY_LIGHTMAP_DLDR_ENCODING UNITY_LIGHTMAP_RGBM_ENCODING UNITY_VIRTUAL_TEXTURING UNITY_PRETRANSFORM_TO_DISPLAY_ORIENTATION UNITY_ASTC_NORMALMAP_ENCODING SHADER_API_GLES30 flags=0 lang=0 type=Fragment platform=d3d11 reqs=227 mask=6 start=68 ok=1 outsize=7250

Cmd: disassembleShader
 name=Standard platform=d3d11 type=15 mask=6 insize=1926 outsize=3310 ok=1

Cmd: disassembleShader
 name=Standard platform=d3d11 type=15 mask=6 insize=2886 outsize=4651 ok=1

Cmd: disassembleShader
 name=Standard platform=d3d11 type=15 mask=6 insize=2034 outsize=3466 ok=1

Cmd: disassembleShader
 name=Standard platform=d3d11 type=15 mask=6 insize=2886 outsize=4651 ok=1

Cmd: disassembleShader
 name=Standard platform=d3d11 type=17 mask=6 insize=7234 outsize=10188 ok=1

Cmd: disassembleShader
 name=Standard platform=d3d11 type=17 mask=6 insize=6462 outsize=9072 ok=1

Cmd: disassembleShader
 name=Standard platform=d3d11 type=15 mask=6 insize=1950 outsize=3410 ok=1

Cmd: disassembleShader
 name=Standard platform=d3d11 type=15 mask=6 insize=1830 outsize=3236 ok=1

Cmd: disassembleShader
 name=Standard platform=d3d11 type=15 mask=6 insize=1950 outsize=3410 ok=1

Cmd: disassembleShader
 name=Standard platform=d3d11 type=15 mask=6 insize=1970 outsize=3442 ok=1

Cmd: disassembleShader
 name=Standard platform=d3d11 type=15 mask=6 insize=1970 outsize=3447 ok=1

Cmd: disassembleShader
 name=Standard platform=d3d11 type=15 mask=6 insize=1970 outsize=3437 ok=1

Cmd: disassembleShader
 name=Standard platform=d3d11 type=17 mask=6 insize=3878 outsize=5686 ok=1

Cmd: disassembleShader
 name=Standard platform=d3d11 type=17 mask=6 insize=6226 outsize=8863 ok=1

Cmd: disassembleShader
 name=Standard platform=d3d11 type=17 mask=6 insize=5150 outsize=7335 ok=1

Cmd: disassembleShader
 name=Standard platform=d3d11 type=17 mask=6 insize=3754 outsize=5414 ok=1

Cmd: disassembleShader
 name=Standard platform=d3d11 type=17 mask=6 insize=5118 outsize=7275 ok=1

Cmd: disassembleShader
 name=Standard platform=d3d11 type=17 mask=6 insize=5002 outsize=6992 ok=1

Cmd: disassembleShader
 name=Standard platform=d3d11 type=17 mask=6 insize=4118 outsize=5948 ok=1

Cmd: disassembleShader
 name=Standard platform=d3d11 type=17 mask=6 insize=746 outsize=1505 ok=1

Cmd: disassembleShader
 name=Standard platform=d3d11 type=15 mask=6 insize=1582 outsize=2835 ok=1

Cmd: disassembleShader
 name=Standard platform=d3d11 type=17 mask=6 insize=1238 outsize=2568 ok=1

Cmd: disassembleShader
 name=Standard platform=d3d11 type=15 mask=6 insize=1778 outsize=3138 ok=1

Cmd: disassembleShader
 name=Standard platform=d3d11 type=15 mask=6 insize=1746 outsize=3071 ok=1

Cmd: disassembleShader
 name=Standard platform=d3d11 type=15 mask=6 insize=1942 outsize=3311 ok=1

Cmd: disassembleShader
 name=Standard platform=d3d11 type=15 mask=6 insize=1942 outsize=3311 ok=1

Cmd: disassembleShader
 name=Standard platform=d3d11 type=17 mask=6 insize=7234 outsize=10188 ok=1

Cmd: disassembleShader
 name=Standard platform=d3d11 type=17 mask=6 insize=6370 outsize=8890 ok=1

Cmd: disassembleShader
 name=Standard platform=d3d11 type=15 mask=6 insize=2102 outsize=3593 ok=1

Cmd: disassembleShader
 name=Standard platform=d3d11 type=15 mask=6 insize=1830 outsize=3236 ok=1

Cmd: disassembleShader
 name=Standard platform=d3d11 type=15 mask=6 insize=2298 outsize=3828 ok=1

Cmd: disassembleShader
 name=Standard platform=d3d11 type=15 mask=6 insize=2222 outsize=3734 ok=1

Cmd: disassembleShader
 name=Standard platform=d3d11 type=15 mask=6 insize=2298 outsize=3828 ok=1

Cmd: disassembleShader
 name=Standard platform=d3d11 type=17 mask=6 insize=2530 outsize=4300 ok=1

Cmd: disassembleShader
 name=Standard platform=d3d11 type=17 mask=6 insize=4042 outsize=5835 ok=1

Cmd: disassembleShader
 name=Standard platform=d3d11 type=17 mask=6 insize=2302 outsize=3961 ok=1

Cmd: disassembleShader
 name=Standard platform=d3d11 type=17 mask=6 insize=2322 outsize=3985 ok=1

Cmd: disassembleShader
 name=Standard platform=d3d11 type=17 mask=6 insize=2234 outsize=3743 ok=1

Cmd: disassembleShader
 name=Standard platform=d3d11 type=15 mask=6 insize=1450 outsize=2358 ok=1

Cmd: shutdown
